<?xml version="1.0" encoding="UTF-8"?>
<testsuite name="Scenario: User can search with 'Google Search'" tests="6" skipped="5" failures="0" errors="0" timestamp="2020-05-15T04:37:01" hostname="DESKTOP-GM3SB35" time="0.028">
  <properties/>
  <testcase name="Given I’m on the homepage" classname="Scenario: User can search with 'Google Search'" time="0.0">
    <skipped/>
  </testcase>
  <testcase name="When I type 'The name of the wind' into the search field" classname="Scenario: User can search with 'Google Search'" time="0.001">
    <skipped/>
  </testcase>
  <testcase name="And I click the Google Search button" classname="Scenario: User can search with 'Google Search'" time="0.0">
    <skipped/>
  </testcase>
  <testcase name="Then I go to the search results page" classname="Scenario: User can search with 'Google Search'" time="0.0">
    <skipped/>
  </testcase>
  <testcase name="And the first result is 'The Name of the Wind - Patrick Rothfuss'" classname="Scenario: User can search with 'Google Search'" time="0.0">
    <skipped/>
  </testcase>
  <testcase name="classMethod" classname="Scenario: User can search with 'Google Search'" time="0.502"/>
  <system-out><![CDATA[2020-May-14 23:37:00 [Test] INFO  : Test start
2020-May-14 23:37:00 [Test] INFO  : Scenario: User can search with 'Google Search'
2020-May-14 23:37:00 [Test] INFO  : Seature: Search in google home page
]]></system-out>
  <system-err><![CDATA[ERROR StatusLogger No Log4j 2 configuration file found. Using default configuration (logging only errors to the console), or user programmatically provided configurations. Set system property 'log4j2.debug' to show Log4j 2 internal initialization logging. See https://logging.apache.org/log4j/2.x/manual/configuration.html for instructions on how to configure Log4j 2
]]></system-err>
</testsuite>
