<?xml version="1.0" encoding="UTF-8"?>
<testsuite name="Scenario: User can search with 'Google Search'" tests="6" skipped="0" failures="2" errors="0" timestamp="2019-10-29T19:01:12" hostname="herniep" time="3.307">
  <properties/>
  <testcase name="Given I’m on the homepage" classname="Scenario: User can search with 'Google Search'" time="0.001"/>
  <testcase name="When I type 'The name of the wind' into the search field" classname="Scenario: User can search with 'Google Search'" time="0.0"/>
  <testcase name="And I click the Google Search button" classname="Scenario: User can search with 'Google Search'" time="0.0"/>
  <testcase name="Then I go to the search results page" classname="Scenario: User can search with 'Google Search'" time="0.0"/>
  <testcase name="And the first result is 'The Name of the Wind - Patrick Rothfuss'" classname="Scenario: User can search with 'Google Search'" time="0.001">
    <failure message="org.junit.ComparisonFailure: the result was 'The Name of the Wind - Wikipedia' but the expected is 'The Name of the Wind - Patrick Rothfuss'. expected:&lt;... Name of the Wind - [Wikipedia]&gt; but was:&lt;... Name of the Wind - [Patrick Rothfuss]&gt;" type="org.junit.ComparisonFailure">org.junit.ComparisonFailure: the result was 'The Name of the Wind - Wikipedia' but the expected is 'The Name of the Wind - Patrick Rothfuss'. expected:&lt;... Name of the Wind - [Wikipedia]&gt; but was:&lt;... Name of the Wind - [Patrick Rothfuss]&gt;
	at org.junit.Assert.assertEquals(Assert.java:115)
	at com.google.googleTest.businessController.BusinessController.checkSpecificSearchResult(BusinessController.java:103)
	at com.google.googleTest.steps.StepDefinition.theFirstResultIsTheNameOfTheWindPatrickRothfuss(StepDefinition.java:76)
	at ✽.And the first result is 'The Name of the Wind - Patrick Rothfuss'(GoogleSearch.feature:9)
</failure>
  </testcase>
  <testcase name="classMethod" classname="Scenario: User can search with 'Google Search'" time="8.181">
    <failure message="org.junit.ComparisonFailure: the result was 'The Name of the Wind - Wikipedia' but the expected is 'The Name of the Wind - Patrick Rothfuss'. expected:&lt;... Name of the Wind - [Wikipedia]&gt; but was:&lt;... Name of the Wind - [Patrick Rothfuss]&gt;" type="org.junit.ComparisonFailure">org.junit.ComparisonFailure: the result was 'The Name of the Wind - Wikipedia' but the expected is 'The Name of the Wind - Patrick Rothfuss'. expected:&lt;... Name of the Wind - [Wikipedia]&gt; but was:&lt;... Name of the Wind - [Patrick Rothfuss]&gt;
	at org.junit.Assert.assertEquals(Assert.java:115)
	at com.google.googleTest.businessController.BusinessController.checkSpecificSearchResult(BusinessController.java:103)
	at com.google.googleTest.steps.StepDefinition.theFirstResultIsTheNameOfTheWindPatrickRothfuss(StepDefinition.java:76)
	at ✽.And the first result is 'The Name of the Wind - Patrick Rothfuss'(GoogleSearch.feature:9)
</failure>
  </testcase>
  <system-out><![CDATA[2019-Oct-29 14:01:08 [Test] INFO  : Test start
2019-Oct-29 14:01:08 [Test] INFO  : Scenario: User can search with 'Google Search'
2019-Oct-29 14:01:08 [Test] INFO  : Seature: Google homepage search
2019-Oct-29 14:01:08 [Test] INFO  : ----------Operation: Go to google home page----------
2019-Oct-29 14:01:11 [Test] INFO  : Driver selected: 'Chrome'. The browser opened the following url: 'http://www.google.com'.
2019-Oct-29 14:01:12 [Test] INFO  : The element 'google search button' was visible. Screenshot taken: true
2019-Oct-29 14:01:12 [Test] INFO  : ----------Operation successfully completed----------

]]></system-out>
  <system-err><![CDATA[ERROR StatusLogger No Log4j 2 configuration file found. Using default configuration (logging only errors to the console), or user programmatically provided configurations. Set system property 'log4j2.debug' to show Log4j 2 internal initialization logging. See https://logging.apache.org/log4j/2.x/manual/configuration.html for instructions on how to configure Log4j 2
Starting ChromeDriver 78.0.3904.70 (edb9c9f3de0247fd912a77b7f6cae7447f6d3ad5-refs/branch-heads/3904@{#800}) on port 32353
Only local connections are allowed.
Please protect ports used by ChromeDriver and related test frameworks to prevent access by malicious code.
Oct 29, 2019 2:01:10 PM org.openqa.selenium.remote.ProtocolHandshake createSession
INFO: Detected dialect: W3C
]]></system-err>
</testsuite>
